<?xml version="1.0" encoding="UTF-8"?>
<!-- Generated by org.testng.reporters.JUnitXMLReporter -->
<testsuite ignored="1" hostname="SarthakThinkpad" failures="2" tests="11" name="TN Test" time="64.609" errors="0" timestamp="2023-05-28T14:07:28 GMT-04:00">
  <testcase classname="com.tn.qa.testcases.RegisterTest" name="registerAccountWithMandatoryFields" time="1.531"/>
  <testcase classname="com.tn.qa.testcases.RegisterTest" name="registerAccountWithAllFields" time="1.671"/>
  <testcase classname="com.tn.qa.testcases.RegisterTest" name="registerAccountWithExistingEmail" time="1.448"/>
  <testcase classname="com.tn.qa.testcases.RegisterTest" name="registerAccountWithoutFillingAnyFields" time="0.557"/>
  <testcase classname="com.tn.qa.testcases.SearchProductTest" name="verifySearchWithValidProduct" time="1.029"/>
  <testcase classname="com.tn.qa.testcases.SearchProductTest" name="verifySearchWithInvalidProduct" time="1.229">
    <failure type="java.lang.AssertionError" message="The following asserts failed:
	expected [false] but found [true]">
      <![CDATA[java.lang.AssertionError: The following asserts failed:
expected [false] but found [true]
at com.tn.qa.testcases.SearchProductTest.verifySearchWithInvalidProduct(SearchProductTest.java:44)
at java.base/java.util.ArrayList.forEach(ArrayList.java:1511)
... Removed 29 stack frames]]>
    </failure>
  </testcase> <!-- verifySearchWithInvalidProduct -->
  <testcase classname="com.tn.qa.testcases.SearchProductTest" name="verifySearchWithoutProduct" time="0.0">
    <skipped/>
  </testcase> <!-- verifySearchWithoutProduct -->
  <testcase classname="com.tn.qa.testcases.LoginTest" name="verifyLoginWithInvalidCredentials" time="0.842"/>
  <testcase classname="com.tn.qa.testcases.LoginTest" name="verifyLoginWithValidUsernameInvalidPassword" time="0.722"/>
  <testcase classname="com.tn.qa.testcases.LoginTest" name="verifyLoginWithInvalidUsernameValidPassword" time="0.698"/>
  <testcase classname="com.tn.qa.testcases.LoginTest" name="verifyLoginWithNoCredentials" time="0.493">
    <failure type="java.lang.AssertionError" message="The following asserts failed:
	expected [false] but found [true]">
      <![CDATA[java.lang.AssertionError: The following asserts failed:
expected [false] but found [true]
at com.tn.qa.testcases.LoginTest.verifyLoginWithNoCredentials(LoginTest.java:87)
at java.base/java.util.ArrayList.forEach(ArrayList.java:1511)
... Removed 29 stack frames]]>
    </failure>
  </testcase> <!-- verifyLoginWithNoCredentials -->
  <testcase classname="com.tn.qa.testcases.LoginTest" name="verifyLoginWithValidCredentials" time="0.0">
    <ignored/>
  </testcase> <!-- verifyLoginWithValidCredentials -->
</testsuite> <!-- TN Test -->
