<!DOCTYPE html PUBLIC "-//W3C//DTD XHTML 1.1//EN" "https://www.w3.org/TR/xhtml11/DTD/xhtml11.dtd">
<html xmlns="https://www.w3.org/1999/xhtml">
<head>
<meta http-equiv="content-type" content="text/html; charset=UTF-8"/>
<title>TestNG Report</title>
<style type="text/css">table {margin-bottom:10px;border-collapse:collapse;empty-cells:show}th,td {border:1px solid #009;padding:.25em .5em}th {vertical-align:bottom}td {vertical-align:top}table a {font-weight:bold}.stripe td {background-color: #E6EBF9}.num {text-align:right}.passedodd td {background-color: #3F3}.passedeven td {background-color: #0A0}.skippedodd td {background-color: #DDD}.skippedeven td {background-color: #CCC}.failedodd td,.attn {background-color: #F33}.failedeven td,.stripe .attn {background-color: #D00}.stacktrace {white-space:pre;font-family:monospace}.totop {font-size:85%;text-align:center;border-bottom:2px solid #000}.invisible {display:none}</style>
</head>
<body>
<table>
<tr><th>Test</th><th># Passed</th><th># Skipped</th><th># Retried</th><th># Failed</th><th>Time (ms)</th><th>Included Groups</th><th>Excluded Groups</th></tr>
<tr><th colspan="8">TN Suite</th></tr>
<tr><td><a href="#t0">TN Test</a></td><td class="num">8</td><td class="num attn">1</td><td class="num">0</td><td class="num attn">2</td><td class="num">64,609</td><td></td><td></td></tr>
</table>
<table id='summary'><thead><tr><th>Class</th><th>Method</th><th>Start</th><th>Time (ms)</th></tr></thead><tbody><tr><th colspan="4">TN Suite</th></tr></tbody><tbody id="t0"><tr><th colspan="4">TN Test &#8212; failed</th></tr><tr class="failedeven"><td rowspan="1">com.tn.qa.testcases.LoginTest</td><td><a href="#m0">verifyLoginWithNoCredentials</a></td><td rowspan="1">1685297247105</td><td rowspan="1">493</td></tr><tr class="failedodd"><td rowspan="1">com.tn.qa.testcases.SearchProductTest</td><td><a href="#m1">verifySearchWithInvalidProduct</a></td><td rowspan="1">1685297222653</td><td rowspan="1">1229</td></tr><tr><th colspan="4">TN Test &#8212; skipped</th></tr><tr class="skippedeven"><td rowspan="1">com.tn.qa.testcases.SearchProductTest</td><td><a href="#m2">verifySearchWithoutProduct</a></td><td rowspan="1">1685297224458</td><td rowspan="1">0</td></tr><tr><th colspan="4">TN Test &#8212; passed</th></tr><tr class="passedeven"><td rowspan="3">com.tn.qa.testcases.LoginTest</td><td><a href="#m3">verifyLoginWithInvalidCredentials</a></td><td rowspan="1">1685297229668</td><td rowspan="1">842</td></tr><tr class="passedeven"><td><a href="#m4">verifyLoginWithInvalidUsernameValidPassword</a></td><td rowspan="1">1685297241409</td><td rowspan="1">698</td></tr><tr class="passedeven"><td><a href="#m5">verifyLoginWithValidUsernameInvalidPassword</a></td><td rowspan="1">1685297235724</td><td rowspan="1">722</td></tr><tr class="passedodd"><td rowspan="4">com.tn.qa.testcases.RegisterTest</td><td><a href="#m6">registerAccountWithAllFields</a></td><td rowspan="1">1685297197704</td><td rowspan="1">1671</td></tr><tr class="passedodd"><td><a href="#m7">registerAccountWithExistingEmail</a></td><td rowspan="1">1685297205709</td><td rowspan="1">1448</td></tr><tr class="passedodd"><td><a href="#m8">registerAccountWithMandatoryFields</a></td><td rowspan="1">1685297190469</td><td rowspan="1">1531</td></tr><tr class="passedodd"><td><a href="#m9">registerAccountWithoutFillingAnyFields</a></td><td rowspan="1">1685297212697</td><td rowspan="1">557</td></tr><tr class="passedeven"><td rowspan="1">com.tn.qa.testcases.SearchProductTest</td><td><a href="#m10">verifySearchWithValidProduct</a></td><td rowspan="1">1685297217309</td><td rowspan="1">1029</td></tr></tbody>
</table>
<h2>TN Test</h2><h3 id="m0">com.tn.qa.testcases.LoginTest#verifyLoginWithNoCredentials</h3><table class="result"><tr><th>Exception</th></tr><tr><td><div class="stacktrace">java.lang.AssertionError: The following asserts failed:
	expected [false] but found [true]
	at com.tn.qa.testcases.LoginTest.verifyLoginWithNoCredentials(LoginTest.java:87)
	at java.base/java.util.ArrayList.forEach(ArrayList.java:1511)
... Removed 29 stack frames</div></td></tr></table><p class="totop"><a href="#summary">back to summary</a></p>
<h3 id="m1">com.tn.qa.testcases.SearchProductTest#verifySearchWithInvalidProduct</h3><table class="result"><tr><th>Exception</th></tr><tr><td><div class="stacktrace">java.lang.AssertionError: The following asserts failed:
	expected [false] but found [true]
	at com.tn.qa.testcases.SearchProductTest.verifySearchWithInvalidProduct(SearchProductTest.java:44)
	at java.base/java.util.ArrayList.forEach(ArrayList.java:1511)
... Removed 29 stack frames</div></td></tr></table><p class="totop"><a href="#summary">back to summary</a></p>
<h3 id="m2">com.tn.qa.testcases.SearchProductTest#verifySearchWithoutProduct</h3><table class="result"><tr><th>Exception</th></tr><tr><td><div class="stacktrace">java.lang.Throwable: Method SearchProductTest.verifySearchWithoutProduct()[pri:3, instance:com.tn.qa.testcases.SearchProductTest@1ed4ae0f] depends on not successfully finished methods
	at java.base/java.util.ArrayList.forEach(ArrayList.java:1511)
... Removed 18 stack frames</div></td></tr></table><p class="totop"><a href="#summary">back to summary</a></p>
<h3 id="m3">com.tn.qa.testcases.LoginTest#verifyLoginWithInvalidCredentials</h3><table class="result"><tr><th class="invisible"/></tr></table><p class="totop"><a href="#summary">back to summary</a></p>
<h3 id="m4">com.tn.qa.testcases.LoginTest#verifyLoginWithInvalidUsernameValidPassword</h3><table class="result"><tr><th class="invisible"/></tr></table><p class="totop"><a href="#summary">back to summary</a></p>
<h3 id="m5">com.tn.qa.testcases.LoginTest#verifyLoginWithValidUsernameInvalidPassword</h3><table class="result"><tr><th class="invisible"/></tr></table><p class="totop"><a href="#summary">back to summary</a></p>
<h3 id="m6">com.tn.qa.testcases.RegisterTest#registerAccountWithAllFields</h3><table class="result"><tr><th class="invisible"/></tr></table><p class="totop"><a href="#summary">back to summary</a></p>
<h3 id="m7">com.tn.qa.testcases.RegisterTest#registerAccountWithExistingEmail</h3><table class="result"><tr><th class="invisible"/></tr></table><p class="totop"><a href="#summary">back to summary</a></p>
<h3 id="m8">com.tn.qa.testcases.RegisterTest#registerAccountWithMandatoryFields</h3><table class="result"><tr><th class="invisible"/></tr></table><p class="totop"><a href="#summary">back to summary</a></p>
<h3 id="m9">com.tn.qa.testcases.RegisterTest#registerAccountWithoutFillingAnyFields</h3><table class="result"><tr><th class="invisible"/></tr></table><p class="totop"><a href="#summary">back to summary</a></p>
<h3 id="m10">com.tn.qa.testcases.SearchProductTest#verifySearchWithValidProduct</h3><table class="result"><tr><th class="invisible"/></tr></table><p class="totop"><a href="#summary">back to summary</a></p>
</body>
</html>
