<?xml version="1.0" encoding="UTF-8"?>
<testng-results ignored="1" total="12" passed="8" failed="2" skipped="1">
  <reporter-output>
  </reporter-output>
  <suite started-at="2023-05-28T14:06:23 GMT-04:00" name="TN Suite" finished-at="2023-05-28T14:07:28 GMT-04:00" duration-ms="64609">
    <groups>
    </groups>
    <test started-at="2023-05-28T14:06:23 GMT-04:00" name="TN Test" finished-at="2023-05-28T14:07:28 GMT-04:00" duration-ms="64609">
      <class name="com.tn.qa.testcases.SearchProductTest">
        <test-method is-config="true" signature="setup()[pri:0, instance:com.tn.qa.testcases.SearchProductTest@1ed4ae0f]" started-at="2023-05-28T14:06:53 GMT-04:00" name="setup" finished-at="2023-05-28T14:06:57 GMT-04:00" duration-ms="3933" status="PASS">
          <reporter-output>
          </reporter-output>
        </test-method> <!-- setup -->
        <test-method signature="verifySearchWithValidProduct()[pri:1, instance:com.tn.qa.testcases.SearchProductTest@1ed4ae0f]" started-at="2023-05-28T14:06:57 GMT-04:00" name="verifySearchWithValidProduct" finished-at="2023-05-28T14:06:58 GMT-04:00" duration-ms="1029" status="PASS">
          <reporter-output>
          </reporter-output>
        </test-method> <!-- verifySearchWithValidProduct -->
        <test-method is-config="true" signature="tearDown()[pri:0, instance:com.tn.qa.testcases.SearchProductTest@1ed4ae0f]" started-at="2023-05-28T14:06:58 GMT-04:00" name="tearDown" finished-at="2023-05-28T14:06:58 GMT-04:00" duration-ms="123" status="PASS">
          <reporter-output>
          </reporter-output>
        </test-method> <!-- tearDown -->
        <test-method is-config="true" signature="setup()[pri:0, instance:com.tn.qa.testcases.SearchProductTest@1ed4ae0f]" started-at="2023-05-28T14:06:58 GMT-04:00" name="setup" finished-at="2023-05-28T14:07:02 GMT-04:00" duration-ms="4191" status="PASS">
          <reporter-output>
          </reporter-output>
        </test-method> <!-- setup -->
        <test-method signature="verifySearchWithInvalidProduct()[pri:2, instance:com.tn.qa.testcases.SearchProductTest@1ed4ae0f]" started-at="2023-05-28T14:07:02 GMT-04:00" name="verifySearchWithInvalidProduct" finished-at="2023-05-28T14:07:03 GMT-04:00" duration-ms="1229" status="FAIL">
          <exception class="java.lang.AssertionError">
            <message>
              <![CDATA[The following asserts failed:
expected [false] but found [true]]]>
            </message>
            <full-stacktrace>
              <![CDATA[java.lang.AssertionError: The following asserts failed:
expected [false] but found [true]
at org.testng.asserts.SoftAssert.assertAll(SoftAssert.java:47)
at org.testng.asserts.SoftAssert.assertAll(SoftAssert.java:31)
at com.tn.qa.testcases.SearchProductTest.verifySearchWithInvalidProduct(SearchProductTest.java:44)
at java.base/jdk.internal.reflect.NativeMethodAccessorImpl.invoke0(Native Method)
at java.base/jdk.internal.reflect.NativeMethodAccessorImpl.invoke(NativeMethodAccessorImpl.java:77)
at java.base/jdk.internal.reflect.DelegatingMethodAccessorImpl.invoke(DelegatingMethodAccessorImpl.java:43)
at java.base/java.lang.reflect.Method.invoke(Method.java:568)
at org.testng.internal.MethodInvocationHelper.invokeMethod(MethodInvocationHelper.java:133)
at org.testng.internal.TestInvoker.invokeMethod(TestInvoker.java:598)
at org.testng.internal.TestInvoker.invokeTestMethod(TestInvoker.java:173)
at org.testng.internal.MethodRunner.runInSequence(MethodRunner.java:46)
at org.testng.internal.TestInvoker$MethodInvocationAgent.invoke(TestInvoker.java:824)
at org.testng.internal.TestInvoker.invokeTestMethods(TestInvoker.java:146)
at org.testng.internal.TestMethodWorker.invokeTestMethods(TestMethodWorker.java:146)
at org.testng.internal.TestMethodWorker.run(TestMethodWorker.java:128)
at java.base/java.util.ArrayList.forEach(ArrayList.java:1511)
at org.testng.TestRunner.privateRun(TestRunner.java:794)
at org.testng.TestRunner.run(TestRunner.java:596)
at org.testng.SuiteRunner.runTest(SuiteRunner.java:377)
at org.testng.SuiteRunner.runSequentially(SuiteRunner.java:371)
at org.testng.SuiteRunner.privateRun(SuiteRunner.java:332)
at org.testng.SuiteRunner.run(SuiteRunner.java:276)
at org.testng.SuiteRunnerWorker.runSuite(SuiteRunnerWorker.java:53)
at org.testng.SuiteRunnerWorker.run(SuiteRunnerWorker.java:96)
at org.testng.TestNG.runSuitesSequentially(TestNG.java:1212)
at org.testng.TestNG.runSuitesLocally(TestNG.java:1134)
at org.testng.TestNG.runSuites(TestNG.java:1063)
at org.testng.TestNG.run(TestNG.java:1031)
at org.testng.remote.AbstractRemoteTestNG.run(AbstractRemoteTestNG.java:115)
at org.testng.remote.RemoteTestNG.initAndRun(RemoteTestNG.java:251)
at org.testng.remote.RemoteTestNG.main(RemoteTestNG.java:77)
]]>
            </full-stacktrace>
          </exception> <!-- java.lang.AssertionError -->
          <reporter-output>
          </reporter-output>
        </test-method> <!-- verifySearchWithInvalidProduct -->
        <test-method is-config="true" signature="tearDown()[pri:0, instance:com.tn.qa.testcases.SearchProductTest@1ed4ae0f]" started-at="2023-05-28T14:07:04 GMT-04:00" name="tearDown" finished-at="2023-05-28T14:07:04 GMT-04:00" duration-ms="385" status="PASS">
          <reporter-output>
          </reporter-output>
        </test-method> <!-- tearDown -->
        <test-method signature="verifySearchWithoutProduct()[pri:3, instance:com.tn.qa.testcases.SearchProductTest@1ed4ae0f]" started-at="2023-05-28T14:07:04 GMT-04:00" name="verifySearchWithoutProduct" finished-at="2023-05-28T14:07:04 GMT-04:00" depends-on-methods="com.tn.qa.testcases.SearchProductTest.verifySearchWithInvalidProduct" duration-ms="0" status="SKIP">
          <exception class="java.lang.Throwable">
            <message>
              <![CDATA[Method SearchProductTest.verifySearchWithoutProduct()[pri:3, instance:com.tn.qa.testcases.SearchProductTest@1ed4ae0f] depends on not successfully finished methods]]>
            </message>
            <full-stacktrace>
              <![CDATA[java.lang.Throwable: Method SearchProductTest.verifySearchWithoutProduct()[pri:3, instance:com.tn.qa.testcases.SearchProductTest@1ed4ae0f] depends on not successfully finished methods
at org.testng.internal.TestInvoker.invokeTestMethods(TestInvoker.java:102)
at org.testng.internal.TestMethodWorker.invokeTestMethods(TestMethodWorker.java:146)
at org.testng.internal.TestMethodWorker.run(TestMethodWorker.java:128)
at java.base/java.util.ArrayList.forEach(ArrayList.java:1511)
at org.testng.TestRunner.privateRun(TestRunner.java:794)
at org.testng.TestRunner.run(TestRunner.java:596)
at org.testng.SuiteRunner.runTest(SuiteRunner.java:377)
at org.testng.SuiteRunner.runSequentially(SuiteRunner.java:371)
at org.testng.SuiteRunner.privateRun(SuiteRunner.java:332)
at org.testng.SuiteRunner.run(SuiteRunner.java:276)
at org.testng.SuiteRunnerWorker.runSuite(SuiteRunnerWorker.java:53)
at org.testng.SuiteRunnerWorker.run(SuiteRunnerWorker.java:96)
at org.testng.TestNG.runSuitesSequentially(TestNG.java:1212)
at org.testng.TestNG.runSuitesLocally(TestNG.java:1134)
at org.testng.TestNG.runSuites(TestNG.java:1063)
at org.testng.TestNG.run(TestNG.java:1031)
at org.testng.remote.AbstractRemoteTestNG.run(AbstractRemoteTestNG.java:115)
at org.testng.remote.RemoteTestNG.initAndRun(RemoteTestNG.java:251)
at org.testng.remote.RemoteTestNG.main(RemoteTestNG.java:77)
]]>
            </full-stacktrace>
          </exception> <!-- java.lang.Throwable -->
          <reporter-output>
          </reporter-output>
        </test-method> <!-- verifySearchWithoutProduct -->
      </class> <!-- com.tn.qa.testcases.SearchProductTest -->
      <class name="com.tn.qa.testcases.RegisterTest">
        <test-method is-config="true" signature="setup()[pri:0, instance:com.tn.qa.testcases.RegisterTest@272113c4]" started-at="2023-05-28T14:06:23 GMT-04:00" name="setup" finished-at="2023-05-28T14:06:30 GMT-04:00" duration-ms="6682" status="PASS">
          <reporter-output>
          </reporter-output>
        </test-method> <!-- setup -->
        <test-method signature="registerAccountWithMandatoryFields()[pri:1, instance:com.tn.qa.testcases.RegisterTest@272113c4]" started-at="2023-05-28T14:06:30 GMT-04:00" name="registerAccountWithMandatoryFields" finished-at="2023-05-28T14:06:32 GMT-04:00" duration-ms="1531" status="PASS">
          <reporter-output>
          </reporter-output>
        </test-method> <!-- registerAccountWithMandatoryFields -->
        <test-method is-config="true" signature="tearDown()[pri:0, instance:com.tn.qa.testcases.RegisterTest@272113c4]" started-at="2023-05-28T14:06:32 GMT-04:00" name="tearDown" finished-at="2023-05-28T14:06:32 GMT-04:00" duration-ms="249" status="PASS">
          <reporter-output>
          </reporter-output>
        </test-method> <!-- tearDown -->
        <test-method is-config="true" signature="setup()[pri:0, instance:com.tn.qa.testcases.RegisterTest@272113c4]" started-at="2023-05-28T14:06:32 GMT-04:00" name="setup" finished-at="2023-05-28T14:06:37 GMT-04:00" duration-ms="5446" status="PASS">
          <reporter-output>
          </reporter-output>
        </test-method> <!-- setup -->
        <test-method signature="registerAccountWithAllFields()[pri:2, instance:com.tn.qa.testcases.RegisterTest@272113c4]" started-at="2023-05-28T14:06:37 GMT-04:00" name="registerAccountWithAllFields" finished-at="2023-05-28T14:06:39 GMT-04:00" duration-ms="1671" status="PASS">
          <reporter-output>
          </reporter-output>
        </test-method> <!-- registerAccountWithAllFields -->
        <test-method is-config="true" signature="tearDown()[pri:0, instance:com.tn.qa.testcases.RegisterTest@272113c4]" started-at="2023-05-28T14:06:39 GMT-04:00" name="tearDown" finished-at="2023-05-28T14:06:39 GMT-04:00" duration-ms="305" status="PASS">
          <reporter-output>
          </reporter-output>
        </test-method> <!-- tearDown -->
        <test-method is-config="true" signature="setup()[pri:0, instance:com.tn.qa.testcases.RegisterTest@272113c4]" started-at="2023-05-28T14:06:39 GMT-04:00" name="setup" finished-at="2023-05-28T14:06:45 GMT-04:00" duration-ms="6026" status="PASS">
          <reporter-output>
          </reporter-output>
        </test-method> <!-- setup -->
        <test-method signature="registerAccountWithExistingEmail()[pri:3, instance:com.tn.qa.testcases.RegisterTest@272113c4]" started-at="2023-05-28T14:06:45 GMT-04:00" name="registerAccountWithExistingEmail" finished-at="2023-05-28T14:06:47 GMT-04:00" duration-ms="1448" status="PASS">
          <reporter-output>
          </reporter-output>
        </test-method> <!-- registerAccountWithExistingEmail -->
        <test-method is-config="true" signature="tearDown()[pri:0, instance:com.tn.qa.testcases.RegisterTest@272113c4]" started-at="2023-05-28T14:06:47 GMT-04:00" name="tearDown" finished-at="2023-05-28T14:06:47 GMT-04:00" duration-ms="239" status="PASS">
          <reporter-output>
          </reporter-output>
        </test-method> <!-- tearDown -->
        <test-method is-config="true" signature="setup()[pri:0, instance:com.tn.qa.testcases.RegisterTest@272113c4]" started-at="2023-05-28T14:06:47 GMT-04:00" name="setup" finished-at="2023-05-28T14:06:52 GMT-04:00" duration-ms="5299" status="PASS">
          <reporter-output>
          </reporter-output>
        </test-method> <!-- setup -->
        <test-method signature="registerAccountWithoutFillingAnyFields()[pri:4, instance:com.tn.qa.testcases.RegisterTest@272113c4]" started-at="2023-05-28T14:06:52 GMT-04:00" name="registerAccountWithoutFillingAnyFields" finished-at="2023-05-28T14:06:53 GMT-04:00" duration-ms="557" status="PASS">
          <reporter-output>
          </reporter-output>
        </test-method> <!-- registerAccountWithoutFillingAnyFields -->
        <test-method is-config="true" signature="tearDown()[pri:0, instance:com.tn.qa.testcases.RegisterTest@272113c4]" started-at="2023-05-28T14:06:53 GMT-04:00" name="tearDown" finished-at="2023-05-28T14:06:53 GMT-04:00" duration-ms="120" status="PASS">
          <reporter-output>
          </reporter-output>
        </test-method> <!-- tearDown -->
      </class> <!-- com.tn.qa.testcases.RegisterTest -->
      <class name="com.tn.qa.testcases.LoginTest">
        <test-method is-config="true" signature="setup()[pri:0, instance:com.tn.qa.testcases.LoginTest@2a265ea9]" started-at="2023-05-28T14:07:04 GMT-04:00" name="setup" finished-at="2023-05-28T14:07:09 GMT-04:00" duration-ms="5195" status="PASS">
          <reporter-output>
          </reporter-output>
        </test-method> <!-- setup -->
        <test-method signature="verifyLoginWithInvalidCredentials()[pri:2, instance:com.tn.qa.testcases.LoginTest@2a265ea9]" started-at="2023-05-28T14:07:09 GMT-04:00" name="verifyLoginWithInvalidCredentials" finished-at="2023-05-28T14:07:10 GMT-04:00" duration-ms="842" status="PASS">
          <reporter-output>
          </reporter-output>
        </test-method> <!-- verifyLoginWithInvalidCredentials -->
        <test-method is-config="true" signature="tearDown()[pri:0, instance:com.tn.qa.testcases.LoginTest@2a265ea9]" started-at="2023-05-28T14:07:10 GMT-04:00" name="tearDown" finished-at="2023-05-28T14:07:10 GMT-04:00" duration-ms="316" status="PASS">
          <reporter-output>
          </reporter-output>
        </test-method> <!-- tearDown -->
        <test-method is-config="true" signature="setup()[pri:0, instance:com.tn.qa.testcases.LoginTest@2a265ea9]" started-at="2023-05-28T14:07:10 GMT-04:00" name="setup" finished-at="2023-05-28T14:07:15 GMT-04:00" duration-ms="4895" status="PASS">
          <reporter-output>
          </reporter-output>
        </test-method> <!-- setup -->
        <test-method signature="verifyLoginWithValidUsernameInvalidPassword()[pri:3, instance:com.tn.qa.testcases.LoginTest@2a265ea9]" started-at="2023-05-28T14:07:15 GMT-04:00" name="verifyLoginWithValidUsernameInvalidPassword" finished-at="2023-05-28T14:07:16 GMT-04:00" duration-ms="722" status="PASS">
          <reporter-output>
          </reporter-output>
        </test-method> <!-- verifyLoginWithValidUsernameInvalidPassword -->
        <test-method is-config="true" signature="tearDown()[pri:0, instance:com.tn.qa.testcases.LoginTest@2a265ea9]" started-at="2023-05-28T14:07:16 GMT-04:00" name="tearDown" finished-at="2023-05-28T14:07:16 GMT-04:00" duration-ms="140" status="PASS">
          <reporter-output>
          </reporter-output>
        </test-method> <!-- tearDown -->
        <test-method is-config="true" signature="setup()[pri:0, instance:com.tn.qa.testcases.LoginTest@2a265ea9]" started-at="2023-05-28T14:07:16 GMT-04:00" name="setup" finished-at="2023-05-28T14:07:21 GMT-04:00" duration-ms="4820" status="PASS">
          <reporter-output>
          </reporter-output>
        </test-method> <!-- setup -->
        <test-method signature="verifyLoginWithInvalidUsernameValidPassword()[pri:4, instance:com.tn.qa.testcases.LoginTest@2a265ea9]" started-at="2023-05-28T14:07:21 GMT-04:00" name="verifyLoginWithInvalidUsernameValidPassword" finished-at="2023-05-28T14:07:22 GMT-04:00" duration-ms="698" status="PASS">
          <reporter-output>
          </reporter-output>
        </test-method> <!-- verifyLoginWithInvalidUsernameValidPassword -->
        <test-method is-config="true" signature="tearDown()[pri:0, instance:com.tn.qa.testcases.LoginTest@2a265ea9]" started-at="2023-05-28T14:07:22 GMT-04:00" name="tearDown" finished-at="2023-05-28T14:07:22 GMT-04:00" duration-ms="113" status="PASS">
          <reporter-output>
          </reporter-output>
        </test-method> <!-- tearDown -->
        <test-method is-config="true" signature="setup()[pri:0, instance:com.tn.qa.testcases.LoginTest@2a265ea9]" started-at="2023-05-28T14:07:22 GMT-04:00" name="setup" finished-at="2023-05-28T14:07:27 GMT-04:00" duration-ms="4884" status="PASS">
          <reporter-output>
          </reporter-output>
        </test-method> <!-- setup -->
        <test-method signature="verifyLoginWithNoCredentials()[pri:5, instance:com.tn.qa.testcases.LoginTest@2a265ea9]" started-at="2023-05-28T14:07:27 GMT-04:00" name="verifyLoginWithNoCredentials" finished-at="2023-05-28T14:07:27 GMT-04:00" duration-ms="493" status="FAIL">
          <exception class="java.lang.AssertionError">
            <message>
              <![CDATA[The following asserts failed:
expected [false] but found [true]]]>
            </message>
            <full-stacktrace>
              <![CDATA[java.lang.AssertionError: The following asserts failed:
expected [false] but found [true]
at org.testng.asserts.SoftAssert.assertAll(SoftAssert.java:47)
at org.testng.asserts.SoftAssert.assertAll(SoftAssert.java:31)
at com.tn.qa.testcases.LoginTest.verifyLoginWithNoCredentials(LoginTest.java:87)
at java.base/jdk.internal.reflect.NativeMethodAccessorImpl.invoke0(Native Method)
at java.base/jdk.internal.reflect.NativeMethodAccessorImpl.invoke(NativeMethodAccessorImpl.java:77)
at java.base/jdk.internal.reflect.DelegatingMethodAccessorImpl.invoke(DelegatingMethodAccessorImpl.java:43)
at java.base/java.lang.reflect.Method.invoke(Method.java:568)
at org.testng.internal.MethodInvocationHelper.invokeMethod(MethodInvocationHelper.java:133)
at org.testng.internal.TestInvoker.invokeMethod(TestInvoker.java:598)
at org.testng.internal.TestInvoker.invokeTestMethod(TestInvoker.java:173)
at org.testng.internal.MethodRunner.runInSequence(MethodRunner.java:46)
at org.testng.internal.TestInvoker$MethodInvocationAgent.invoke(TestInvoker.java:824)
at org.testng.internal.TestInvoker.invokeTestMethods(TestInvoker.java:146)
at org.testng.internal.TestMethodWorker.invokeTestMethods(TestMethodWorker.java:146)
at org.testng.internal.TestMethodWorker.run(TestMethodWorker.java:128)
at java.base/java.util.ArrayList.forEach(ArrayList.java:1511)
at org.testng.TestRunner.privateRun(TestRunner.java:794)
at org.testng.TestRunner.run(TestRunner.java:596)
at org.testng.SuiteRunner.runTest(SuiteRunner.java:377)
at org.testng.SuiteRunner.runSequentially(SuiteRunner.java:371)
at org.testng.SuiteRunner.privateRun(SuiteRunner.java:332)
at org.testng.SuiteRunner.run(SuiteRunner.java:276)
at org.testng.SuiteRunnerWorker.runSuite(SuiteRunnerWorker.java:53)
at org.testng.SuiteRunnerWorker.run(SuiteRunnerWorker.java:96)
at org.testng.TestNG.runSuitesSequentially(TestNG.java:1212)
at org.testng.TestNG.runSuitesLocally(TestNG.java:1134)
at org.testng.TestNG.runSuites(TestNG.java:1063)
at org.testng.TestNG.run(TestNG.java:1031)
at org.testng.remote.AbstractRemoteTestNG.run(AbstractRemoteTestNG.java:115)
at org.testng.remote.RemoteTestNG.initAndRun(RemoteTestNG.java:251)
at org.testng.remote.RemoteTestNG.main(RemoteTestNG.java:77)
]]>
            </full-stacktrace>
          </exception> <!-- java.lang.AssertionError -->
          <reporter-output>
          </reporter-output>
        </test-method> <!-- verifyLoginWithNoCredentials -->
        <test-method is-config="true" signature="tearDown()[pri:0, instance:com.tn.qa.testcases.LoginTest@2a265ea9]" started-at="2023-05-28T14:07:27 GMT-04:00" name="tearDown" finished-at="2023-05-28T14:07:28 GMT-04:00" duration-ms="246" status="PASS">
          <reporter-output>
          </reporter-output>
        </test-method> <!-- tearDown -->
      </class> <!-- com.tn.qa.testcases.LoginTest -->
    </test> <!-- TN Test -->
  </suite> <!-- TN Suite -->
</testng-results>
